26-Jun-2019 09:14:07.539 信息 [main] org.apache.catalina.startup.VersionLoggerListener.log Server version:        Apache Tomcat/8.5.42
26-Jun-2019 09:14:07.549 信息 [main] org.apache.catalina.startup.VersionLoggerListener.log Server built:          Jun 4 2019 20:29:04 UTC
26-Jun-2019 09:14:07.549 信息 [main] org.apache.catalina.startup.VersionLoggerListener.log Server number:         8.5.42.0
26-Jun-2019 09:14:07.549 信息 [main] org.apache.catalina.startup.VersionLoggerListener.log OS Name:               Windows 10
26-Jun-2019 09:14:07.549 信息 [main] org.apache.catalina.startup.VersionLoggerListener.log OS Version:            10.0
26-Jun-2019 09:14:07.549 信息 [main] org.apache.catalina.startup.VersionLoggerListener.log Architecture:          amd64
26-Jun-2019 09:14:07.549 信息 [main] org.apache.catalina.startup.VersionLoggerListener.log Java Home:             D:\Program Files\Java
26-Jun-2019 09:14:07.549 信息 [main] org.apache.catalina.startup.VersionLoggerListener.log JVM Version:           11.0.3+12-LTS
26-Jun-2019 09:14:07.549 信息 [main] org.apache.catalina.startup.VersionLoggerListener.log JVM Vendor:            Oracle Corporation
26-Jun-2019 09:14:07.549 信息 [main] org.apache.catalina.startup.VersionLoggerListener.log CATALINA_BASE:         F:\Workspace\CrowdedDispersedSystem\CrowdedDispersedSystem\apache-tomcat-8.5.42
26-Jun-2019 09:14:07.549 信息 [main] org.apache.catalina.startup.VersionLoggerListener.log CATALINA_HOME:         F:\Workspace\CrowdedDispersedSystem\CrowdedDispersedSystem\apache-tomcat-8.5.42
26-Jun-2019 09:14:07.559 信息 [main] org.apache.catalina.startup.VersionLoggerListener.log Command line argument: --add-opens=java.base/java.lang=ALL-UNNAMED
26-Jun-2019 09:14:07.559 信息 [main] org.apache.catalina.startup.VersionLoggerListener.log Command line argument: --add-opens=java.base/java.io=ALL-UNNAMED
26-Jun-2019 09:14:07.559 信息 [main] org.apache.catalina.startup.VersionLoggerListener.log Command line argument: --add-opens=java.rmi/sun.rmi.transport=ALL-UNNAMED
26-Jun-2019 09:14:07.559 信息 [main] org.apache.catalina.startup.VersionLoggerListener.log Command line argument: -Djava.util.logging.config.file=F:\Workspace\CrowdedDispersedSystem\CrowdedDispersedSystem\apache-tomcat-8.5.42\conf\logging.properties
26-Jun-2019 09:14:07.559 信息 [main] org.apache.catalina.startup.VersionLoggerListener.log Command line argument: -Djava.util.logging.manager=org.apache.juli.ClassLoaderLogManager
26-Jun-2019 09:14:07.559 信息 [main] org.apache.catalina.startup.VersionLoggerListener.log Command line argument: -Djdk.tls.ephemeralDHKeySize=2048
26-Jun-2019 09:14:07.559 信息 [main] org.apache.catalina.startup.VersionLoggerListener.log Command line argument: -Djava.protocol.handler.pkgs=org.apache.catalina.webresources
26-Jun-2019 09:14:07.559 信息 [main] org.apache.catalina.startup.VersionLoggerListener.log Command line argument: -Dignore.endorsed.dirs=
26-Jun-2019 09:14:07.559 信息 [main] org.apache.catalina.startup.VersionLoggerListener.log Command line argument: -Dcatalina.base=F:\Workspace\CrowdedDispersedSystem\CrowdedDispersedSystem\apache-tomcat-8.5.42
26-Jun-2019 09:14:07.559 信息 [main] org.apache.catalina.startup.VersionLoggerListener.log Command line argument: -Dcatalina.home=F:\Workspace\CrowdedDispersedSystem\CrowdedDispersedSystem\apache-tomcat-8.5.42
26-Jun-2019 09:14:07.559 信息 [main] org.apache.catalina.startup.VersionLoggerListener.log Command line argument: -Djava.io.tmpdir=F:\Workspace\CrowdedDispersedSystem\CrowdedDispersedSystem\apache-tomcat-8.5.42\temp
26-Jun-2019 09:14:07.569 信息 [main] org.apache.catalina.core.AprLifecycleListener.lifecycleEvent The APR based Apache Tomcat Native library which allows optimal performance in production environments was not found on the java.library.path: [D:\Program Files\Java\bin;C:\WINDOWS\Sun\Java\bin;C:\WINDOWS\system32;C:\WINDOWS;D:\Program-Files\Anaconda;D:\Program-Files\Anaconda\Library\mingw-w64\bin;D:\Program-Files\Anaconda\Library\usr\bin;D:\Program-Files\Anaconda\Library\bin;D:\Program-Files\Anaconda\Scripts;C:\Program Files\NVIDIA GPU Computing Toolkit\CUDA\v10.0\bin;C:\Program Files\NVIDIA GPU Computing Toolkit\CUDA\v10.0\libnvvp;D:\Program Files\MATLAB\R2018b\bin;C:\Program Files (x86)\NVIDIA Corporation\PhysX\Common;C:\Program Files\Microsoft VS Code\bin;D:\Program Files (x86)\Microsoft Visual Studio\2017\Community\VC\Tools\MSVC\14.13.26128\bin\Hostx64\x64;C:\Windows\System32;D:\Program-Files\Anaconda\MinGW\bin;D:\Program-Files\Anaconda\MinGW\lib;D:\Program-Files\Anaconda\MinGW\x86_64-w64-mingw32\lib;D:\Program Files (x86)\Android SDK\tools;D:\Program Files (x86)\Android SDK\platform-tools;D:\Program Files\Android\Android Studio\gradle\gradle-4.6\bin;C:\Program Files\Git\cmd;D:\Program Files\Java\bin;D:\Program Files\Java\jre\bin;C:\Users\hasee\AppData\Local\Microsoft\WindowsApps;C:\Program Files\Intel\WiFi\bin\;C:\Program Files\Common Files\Intel\WirelessCommon\;C:\Users\hasee\AppData\Roaming\npm;C:\Users\hasee\AppData\Local\GitHubDesktop\bin;C:\Program Files (x86)\Microsoft Visual Studio\Shared\Python36_64;C:\Program Files (x86)\Microsoft Visual Studio\Shared\Python36_64\Scripts;D:\app\hasee\virtual\product\12.2.0\dbhome_1\instantclient;D:\app\hasee\virtual\product\12.2.0\dbhome_1\bin;C:\Users\hasee\AppData\Local\Microsoft\WindowsApps;C:\ProgramData\NVIDIA Corporation\CUDA Samples\v10.0;C:\Program Files\NVIDIA GPU Computing Toolkit\CUDA\v10.0\lib\x64;C:\ProgramData\NVIDIA Corporation\CUDA Samples\v10.0\bin\win64;C:\ProgramData\NVIDIA Corporation\CUDA Samples\v10.0\common\lib\x64 ;%CUDA_BIN_PATH%;D:\Program Files (x86)\Microsoft Visual Studio\2017\Community\VC\Tools\MSVC\14.13.26128\bin\Hostx64\x64;D:\Program Files (x86)\Microsoft Visual Studio\2017\Community\Common7\IDE;D:\Program-Files\opencv\build\x64\vc15\bin;D:\Program Files (x86)\cmake-3.14.2-win64-x64\bin;;.]
26-Jun-2019 09:14:07.599 信息 [main] org.apache.coyote.AbstractProtocol.init Initializing ProtocolHandler ["http-nio-8080"]
26-Jun-2019 09:14:07.807 信息 [main] org.apache.tomcat.util.net.NioSelectorPool.getSharedSelector Using a shared selector for servlet write/read
26-Jun-2019 09:14:07.817 信息 [main] org.apache.coyote.AbstractProtocol.init Initializing ProtocolHandler ["ajp-nio-8009"]
26-Jun-2019 09:14:07.827 信息 [main] org.apache.tomcat.util.net.NioSelectorPool.getSharedSelector Using a shared selector for servlet write/read
26-Jun-2019 09:14:07.827 信息 [main] org.apache.catalina.startup.Catalina.load Initialization processed in 741 ms
26-Jun-2019 09:14:07.867 信息 [main] org.apache.catalina.core.StandardService.startInternal Starting service [Catalina]
26-Jun-2019 09:14:07.867 信息 [main] org.apache.catalina.core.StandardEngine.startInternal Starting Servlet Engine: Apache Tomcat/8.5.42
26-Jun-2019 09:14:07.877 信息 [localhost-startStop-1] org.apache.catalina.startup.HostConfig.deployDirectory Deploying web application directory [F:\Workspace\CrowdedDispersedSystem\CrowdedDispersedSystem\apache-tomcat-8.5.42\webapps\docs]
26-Jun-2019 09:14:08.248 警告 [localhost-startStop-1] org.apache.catalina.util.SessionIdGeneratorBase.createSecureRandom Creation of SecureRandom instance for session ID generation using [SHA1PRNG] took [121] milliseconds.
26-Jun-2019 09:14:08.258 信息 [localhost-startStop-1] org.apache.catalina.startup.HostConfig.deployDirectory Deployment of web application directory [F:\Workspace\CrowdedDispersedSystem\CrowdedDispersedSystem\apache-tomcat-8.5.42\webapps\docs] has finished in [381] ms
26-Jun-2019 09:14:08.258 信息 [localhost-startStop-1] org.apache.catalina.startup.HostConfig.deployDirectory Deploying web application directory [F:\Workspace\CrowdedDispersedSystem\CrowdedDispersedSystem\apache-tomcat-8.5.42\webapps\examples]
26-Jun-2019 09:14:08.618 信息 [localhost-startStop-1] org.apache.catalina.startup.HostConfig.deployDirectory Deployment of web application directory [F:\Workspace\CrowdedDispersedSystem\CrowdedDispersedSystem\apache-tomcat-8.5.42\webapps\examples] has finished in [360] ms
26-Jun-2019 09:14:08.618 信息 [localhost-startStop-1] org.apache.catalina.startup.HostConfig.deployDirectory Deploying web application directory [F:\Workspace\CrowdedDispersedSystem\CrowdedDispersedSystem\apache-tomcat-8.5.42\webapps\host-manager]
26-Jun-2019 09:14:08.648 信息 [localhost-startStop-1] org.apache.catalina.startup.HostConfig.deployDirectory Deployment of web application directory [F:\Workspace\CrowdedDispersedSystem\CrowdedDispersedSystem\apache-tomcat-8.5.42\webapps\host-manager] has finished in [30] ms
26-Jun-2019 09:14:08.648 信息 [localhost-startStop-1] org.apache.catalina.startup.HostConfig.deployDirectory Deploying web application directory [F:\Workspace\CrowdedDispersedSystem\CrowdedDispersedSystem\apache-tomcat-8.5.42\webapps\manager]
26-Jun-2019 09:14:08.678 信息 [localhost-startStop-1] org.apache.catalina.startup.HostConfig.deployDirectory Deployment of web application directory [F:\Workspace\CrowdedDispersedSystem\CrowdedDispersedSystem\apache-tomcat-8.5.42\webapps\manager] has finished in [30] ms
26-Jun-2019 09:14:08.678 信息 [localhost-startStop-1] org.apache.catalina.startup.HostConfig.deployDirectory Deploying web application directory [F:\Workspace\CrowdedDispersedSystem\CrowdedDispersedSystem\apache-tomcat-8.5.42\webapps\ROOT]
26-Jun-2019 09:14:08.701 信息 [localhost-startStop-1] org.apache.catalina.startup.HostConfig.deployDirectory Deployment of web application directory [F:\Workspace\CrowdedDispersedSystem\CrowdedDispersedSystem\apache-tomcat-8.5.42\webapps\ROOT] has finished in [23] ms
26-Jun-2019 09:14:08.701 信息 [main] org.apache.coyote.AbstractProtocol.start Starting ProtocolHandler ["http-nio-8080"]
26-Jun-2019 09:14:08.711 信息 [main] org.apache.coyote.AbstractProtocol.start Starting ProtocolHandler ["ajp-nio-8009"]
26-Jun-2019 09:14:08.711 信息 [main] org.apache.catalina.startup.Catalina.start Server startup in 889 ms
26-Jun-2019 15:20:33.957 信息 [main] org.apache.catalina.startup.VersionLoggerListener.log Server version:        Apache Tomcat/8.5.42
26-Jun-2019 15:20:33.987 信息 [main] org.apache.catalina.startup.VersionLoggerListener.log Server built:          Jun 4 2019 20:29:04 UTC
26-Jun-2019 15:20:33.987 信息 [main] org.apache.catalina.startup.VersionLoggerListener.log Server number:         8.5.42.0
26-Jun-2019 15:20:33.987 信息 [main] org.apache.catalina.startup.VersionLoggerListener.log OS Name:               Windows 10
26-Jun-2019 15:20:33.987 信息 [main] org.apache.catalina.startup.VersionLoggerListener.log OS Version:            10.0
26-Jun-2019 15:20:33.987 信息 [main] org.apache.catalina.startup.VersionLoggerListener.log Architecture:          amd64
26-Jun-2019 15:20:33.987 信息 [main] org.apache.catalina.startup.VersionLoggerListener.log Java Home:             D:\Program Files\Java
26-Jun-2019 15:20:33.987 信息 [main] org.apache.catalina.startup.VersionLoggerListener.log JVM Version:           11.0.3+12-LTS
26-Jun-2019 15:20:33.987 信息 [main] org.apache.catalina.startup.VersionLoggerListener.log JVM Vendor:            Oracle Corporation
26-Jun-2019 15:20:33.987 信息 [main] org.apache.catalina.startup.VersionLoggerListener.log CATALINA_BASE:         F:\Workspace\CrowdedDispersedSystem\CrowdedDispersedSystem\apache-tomcat-8.5.42
26-Jun-2019 15:20:33.987 信息 [main] org.apache.catalina.startup.VersionLoggerListener.log CATALINA_HOME:         F:\Workspace\CrowdedDispersedSystem\CrowdedDispersedSystem\apache-tomcat-8.5.42
26-Jun-2019 15:20:33.987 信息 [main] org.apache.catalina.startup.VersionLoggerListener.log Command line argument: --add-opens=java.base/java.lang=ALL-UNNAMED
26-Jun-2019 15:20:33.997 信息 [main] org.apache.catalina.startup.VersionLoggerListener.log Command line argument: --add-opens=java.base/java.io=ALL-UNNAMED
26-Jun-2019 15:20:33.997 信息 [main] org.apache.catalina.startup.VersionLoggerListener.log Command line argument: --add-opens=java.rmi/sun.rmi.transport=ALL-UNNAMED
26-Jun-2019 15:20:33.997 信息 [main] org.apache.catalina.startup.VersionLoggerListener.log Command line argument: -Djava.util.logging.config.file=F:\Workspace\CrowdedDispersedSystem\CrowdedDispersedSystem\apache-tomcat-8.5.42\conf\logging.properties
26-Jun-2019 15:20:33.997 信息 [main] org.apache.catalina.startup.VersionLoggerListener.log Command line argument: -Djava.util.logging.manager=org.apache.juli.ClassLoaderLogManager
26-Jun-2019 15:20:33.997 信息 [main] org.apache.catalina.startup.VersionLoggerListener.log Command line argument: -Djdk.tls.ephemeralDHKeySize=2048
26-Jun-2019 15:20:33.997 信息 [main] org.apache.catalina.startup.VersionLoggerListener.log Command line argument: -Djava.protocol.handler.pkgs=org.apache.catalina.webresources
26-Jun-2019 15:20:33.997 信息 [main] org.apache.catalina.startup.VersionLoggerListener.log Command line argument: -Dignore.endorsed.dirs=
26-Jun-2019 15:20:33.997 信息 [main] org.apache.catalina.startup.VersionLoggerListener.log Command line argument: -Dcatalina.base=F:\Workspace\CrowdedDispersedSystem\CrowdedDispersedSystem\apache-tomcat-8.5.42
26-Jun-2019 15:20:34.007 信息 [main] org.apache.catalina.startup.VersionLoggerListener.log Command line argument: -Dcatalina.home=F:\Workspace\CrowdedDispersedSystem\CrowdedDispersedSystem\apache-tomcat-8.5.42
26-Jun-2019 15:20:34.007 信息 [main] org.apache.catalina.startup.VersionLoggerListener.log Command line argument: -Djava.io.tmpdir=F:\Workspace\CrowdedDispersedSystem\CrowdedDispersedSystem\apache-tomcat-8.5.42\temp
26-Jun-2019 15:20:34.007 信息 [main] org.apache.catalina.startup.VersionLoggerListener.log Command line argument: -Xmx2048M
26-Jun-2019 15:20:34.007 信息 [main] org.apache.catalina.core.AprLifecycleListener.lifecycleEvent The APR based Apache Tomcat Native library which allows optimal performance in production environments was not found on the java.library.path: [D:\Program Files\Java\bin;C:\WINDOWS\Sun\Java\bin;C:\WINDOWS\system32;C:\WINDOWS;D:\Program-Files\Anaconda;D:\Program-Files\Anaconda\Library\mingw-w64\bin;D:\Program-Files\Anaconda\Library\usr\bin;D:\Program-Files\Anaconda\Library\bin;D:\Program-Files\Anaconda\Scripts;C:\Program Files\NVIDIA GPU Computing Toolkit\CUDA\v10.0\bin;C:\Program Files\NVIDIA GPU Computing Toolkit\CUDA\v10.0\libnvvp;D:\Program Files\MATLAB\R2018b\bin;C:\Program Files (x86)\NVIDIA Corporation\PhysX\Common;C:\Program Files\Microsoft VS Code\bin;D:\Program Files (x86)\Microsoft Visual Studio\2017\Community\VC\Tools\MSVC\14.13.26128\bin\Hostx64\x64;C:\Windows\System32;D:\Program-Files\Anaconda\MinGW\bin;D:\Program-Files\Anaconda\MinGW\lib;D:\Program-Files\Anaconda\MinGW\x86_64-w64-mingw32\lib;D:\Program Files (x86)\Android SDK\tools;D:\Program Files (x86)\Android SDK\platform-tools;D:\Program Files\Android\Android Studio\gradle\gradle-4.6\bin;C:\Program Files\Git\cmd;D:\Program Files\Java\bin;D:\Program Files\Java\jre\bin;C:\Users\hasee\AppData\Local\Microsoft\WindowsApps;C:\Program Files\Intel\WiFi\bin\;C:\Program Files\Common Files\Intel\WirelessCommon\;C:\Users\hasee\AppData\Roaming\npm;C:\Users\hasee\AppData\Local\GitHubDesktop\bin;C:\Program Files (x86)\Microsoft Visual Studio\Shared\Python36_64;C:\Program Files (x86)\Microsoft Visual Studio\Shared\Python36_64\Scripts;D:\app\hasee\virtual\product\12.2.0\dbhome_1\instantclient;D:\app\hasee\virtual\product\12.2.0\dbhome_1\bin;C:\Users\hasee\AppData\Local\Microsoft\WindowsApps;C:\ProgramData\NVIDIA Corporation\CUDA Samples\v10.0;C:\Program Files\NVIDIA GPU Computing Toolkit\CUDA\v10.0\lib\x64;C:\ProgramData\NVIDIA Corporation\CUDA Samples\v10.0\bin\win64;C:\ProgramData\NVIDIA Corporation\CUDA Samples\v10.0\common\lib\x64 ;%CUDA_BIN_PATH%;D:\Program Files (x86)\Microsoft Visual Studio\2017\Community\VC\Tools\MSVC\14.13.26128\bin\Hostx64\x64;D:\Program Files (x86)\Microsoft Visual Studio\2017\Community\Common7\IDE;D:\Program-Files\opencv\build\x64\vc15\bin;D:\Program Files (x86)\cmake-3.14.2-win64-x64\bin;;.]
26-Jun-2019 15:20:34.052 信息 [main] org.apache.coyote.AbstractProtocol.init Initializing ProtocolHandler ["http-nio-8081"]
26-Jun-2019 15:20:34.240 信息 [main] org.apache.tomcat.util.net.NioSelectorPool.getSharedSelector Using a shared selector for servlet write/read
26-Jun-2019 15:20:34.250 信息 [main] org.apache.coyote.AbstractProtocol.init Initializing ProtocolHandler ["ajp-nio-8009"]
26-Jun-2019 15:20:34.260 信息 [main] org.apache.tomcat.util.net.NioSelectorPool.getSharedSelector Using a shared selector for servlet write/read
26-Jun-2019 15:20:34.260 信息 [main] org.apache.catalina.startup.Catalina.load Initialization processed in 676 ms
26-Jun-2019 15:20:34.312 信息 [main] org.apache.catalina.core.StandardService.startInternal Starting service [Catalina]
26-Jun-2019 15:20:34.312 信息 [main] org.apache.catalina.core.StandardEngine.startInternal Starting Servlet Engine: Apache Tomcat/8.5.42
26-Jun-2019 15:20:34.322 信息 [localhost-startStop-1] org.apache.catalina.startup.HostConfig.deployDirectory Deploying web application directory [F:\Workspace\CrowdedDispersedSystem\CrowdedDispersedSystem\apache-tomcat-8.5.42\webapps\docs]
26-Jun-2019 15:20:34.749 警告 [localhost-startStop-1] org.apache.catalina.util.SessionIdGeneratorBase.createSecureRandom Creation of SecureRandom instance for session ID generation using [SHA1PRNG] took [127] milliseconds.
26-Jun-2019 15:20:34.759 信息 [localhost-startStop-1] org.apache.catalina.startup.HostConfig.deployDirectory Deployment of web application directory [F:\Workspace\CrowdedDispersedSystem\CrowdedDispersedSystem\apache-tomcat-8.5.42\webapps\docs] has finished in [437] ms
26-Jun-2019 15:20:34.759 信息 [localhost-startStop-1] org.apache.catalina.startup.HostConfig.deployDirectory Deploying web application directory [F:\Workspace\CrowdedDispersedSystem\CrowdedDispersedSystem\apache-tomcat-8.5.42\webapps\examples]
26-Jun-2019 15:20:36.237 信息 [localhost-startStop-1] org.apache.catalina.startup.HostConfig.deployDirectory Deployment of web application directory [F:\Workspace\CrowdedDispersedSystem\CrowdedDispersedSystem\apache-tomcat-8.5.42\webapps\examples] has finished in [1,478] ms
26-Jun-2019 15:20:36.237 信息 [localhost-startStop-1] org.apache.catalina.startup.HostConfig.deployDirectory Deploying web application directory [F:\Workspace\CrowdedDispersedSystem\CrowdedDispersedSystem\apache-tomcat-8.5.42\webapps\host-manager]
26-Jun-2019 15:20:36.308 信息 [localhost-startStop-1] org.apache.catalina.startup.HostConfig.deployDirectory Deployment of web application directory [F:\Workspace\CrowdedDispersedSystem\CrowdedDispersedSystem\apache-tomcat-8.5.42\webapps\host-manager] has finished in [71] ms
26-Jun-2019 15:20:36.308 信息 [localhost-startStop-1] org.apache.catalina.startup.HostConfig.deployDirectory Deploying web application directory [F:\Workspace\CrowdedDispersedSystem\CrowdedDispersedSystem\apache-tomcat-8.5.42\webapps\manager]
26-Jun-2019 15:20:36.369 信息 [localhost-startStop-1] org.apache.catalina.startup.HostConfig.deployDirectory Deployment of web application directory [F:\Workspace\CrowdedDispersedSystem\CrowdedDispersedSystem\apache-tomcat-8.5.42\webapps\manager] has finished in [61] ms
26-Jun-2019 15:20:36.369 信息 [localhost-startStop-1] org.apache.catalina.startup.HostConfig.deployDirectory Deploying web application directory [F:\Workspace\CrowdedDispersedSystem\CrowdedDispersedSystem\apache-tomcat-8.5.42\webapps\ROOT]
26-Jun-2019 15:20:36.399 信息 [localhost-startStop-1] org.apache.catalina.startup.HostConfig.deployDirectory Deployment of web application directory [F:\Workspace\CrowdedDispersedSystem\CrowdedDispersedSystem\apache-tomcat-8.5.42\webapps\ROOT] has finished in [30] ms
26-Jun-2019 15:20:36.409 信息 [main] org.apache.coyote.AbstractProtocol.start Starting ProtocolHandler ["http-nio-8081"]
26-Jun-2019 15:20:36.419 信息 [main] org.apache.coyote.AbstractProtocol.start Starting ProtocolHandler ["ajp-nio-8009"]
26-Jun-2019 15:20:36.419 信息 [main] org.apache.catalina.startup.Catalina.start Server startup in 2164 ms
