28-Jun-2019 14:23:17.372 信息 [main] org.apache.catalina.startup.VersionLoggerListener.log Server version:        Apache Tomcat/8.5.42
28-Jun-2019 14:23:17.399 信息 [main] org.apache.catalina.startup.VersionLoggerListener.log Server built:          Jun 4 2019 20:29:04 UTC
28-Jun-2019 14:23:17.402 信息 [main] org.apache.catalina.startup.VersionLoggerListener.log Server number:         8.5.42.0
28-Jun-2019 14:23:17.403 信息 [main] org.apache.catalina.startup.VersionLoggerListener.log OS Name:               Windows 7
28-Jun-2019 14:23:17.405 信息 [main] org.apache.catalina.startup.VersionLoggerListener.log OS Version:            6.1
28-Jun-2019 14:23:17.406 信息 [main] org.apache.catalina.startup.VersionLoggerListener.log Architecture:          amd64
28-Jun-2019 14:23:17.407 信息 [main] org.apache.catalina.startup.VersionLoggerListener.log Java Home:             D:\JAVA\jdk-11.0.3
28-Jun-2019 14:23:17.408 信息 [main] org.apache.catalina.startup.VersionLoggerListener.log JVM Version:           11.0.3+12-LTS
28-Jun-2019 14:23:17.409 信息 [main] org.apache.catalina.startup.VersionLoggerListener.log JVM Vendor:            Oracle Corporation
28-Jun-2019 14:23:17.410 信息 [main] org.apache.catalina.startup.VersionLoggerListener.log CATALINA_BASE:         E:\git warehouse\CrowdedDispersedSystem\apache-tomcat-8.5.42
28-Jun-2019 14:23:17.411 信息 [main] org.apache.catalina.startup.VersionLoggerListener.log CATALINA_HOME:         E:\git warehouse\CrowdedDispersedSystem\apache-tomcat-8.5.42
28-Jun-2019 14:23:17.415 信息 [main] org.apache.catalina.startup.VersionLoggerListener.log Command line argument: --add-opens=java.base/java.lang=ALL-UNNAMED
28-Jun-2019 14:23:17.417 信息 [main] org.apache.catalina.startup.VersionLoggerListener.log Command line argument: --add-opens=java.base/java.io=ALL-UNNAMED
28-Jun-2019 14:23:17.420 信息 [main] org.apache.catalina.startup.VersionLoggerListener.log Command line argument: --add-opens=java.rmi/sun.rmi.transport=ALL-UNNAMED
28-Jun-2019 14:23:17.423 信息 [main] org.apache.catalina.startup.VersionLoggerListener.log Command line argument: -Djava.util.logging.config.file=E:\git warehouse\CrowdedDispersedSystem\apache-tomcat-8.5.42\conf\logging.properties
28-Jun-2019 14:23:17.426 信息 [main] org.apache.catalina.startup.VersionLoggerListener.log Command line argument: -Djava.util.logging.manager=org.apache.juli.ClassLoaderLogManager
28-Jun-2019 14:23:17.428 信息 [main] org.apache.catalina.startup.VersionLoggerListener.log Command line argument: -Djdk.tls.ephemeralDHKeySize=2048
28-Jun-2019 14:23:17.431 信息 [main] org.apache.catalina.startup.VersionLoggerListener.log Command line argument: -Djava.protocol.handler.pkgs=org.apache.catalina.webresources
28-Jun-2019 14:23:17.433 信息 [main] org.apache.catalina.startup.VersionLoggerListener.log Command line argument: -Dignore.endorsed.dirs=
28-Jun-2019 14:23:17.435 信息 [main] org.apache.catalina.startup.VersionLoggerListener.log Command line argument: -Dcatalina.base=E:\git warehouse\CrowdedDispersedSystem\apache-tomcat-8.5.42
28-Jun-2019 14:23:17.436 信息 [main] org.apache.catalina.startup.VersionLoggerListener.log Command line argument: -Dcatalina.home=E:\git warehouse\CrowdedDispersedSystem\apache-tomcat-8.5.42
28-Jun-2019 14:23:17.439 信息 [main] org.apache.catalina.startup.VersionLoggerListener.log Command line argument: -Djava.io.tmpdir=E:\git warehouse\CrowdedDispersedSystem\apache-tomcat-8.5.42\temp
28-Jun-2019 14:23:17.442 信息 [main] org.apache.catalina.core.AprLifecycleListener.lifecycleEvent The APR based Apache Tomcat Native library which allows optimal performance in production environments was not found on the java.library.path: [D:\JAVA\jdk-11.0.3\bin;C:\Windows\Sun\Java\bin;C:\Windows\system32;C:\Windows;C:\Windows\system32;C:\Windows;C:\Windows\System32\Wbem;C:\Windows\System32\WindowsPowerShell\v1.0\;D:\JAVA\jdk-11.0.3\bin;D:\Git bush\Git\cmd;D:\Git bush\Git\mingw64\bin;D:\Git bush\Git\mingw64\libexec\git-core;C:\Users\Administrator\.ssh;C:\Program Files (x86)\NVIDIA Corporation\PhysX\Common;D:\sqlserver1\110\DTS\Binn\;D:\sqlserver1\110\Tools\Binn\;D:\sqlserver1\110\Tools\Binn\ManagementStudio\;C:\Program Files (x86)\Microsoft Visual Studio 10.0\Common7\IDE\PrivateAssemblies\;D:\MySQL\mysql-5.7.11-winx64\bin;.]
28-Jun-2019 14:23:17.518 信息 [main] org.apache.coyote.AbstractProtocol.init Initializing ProtocolHandler ["http-nio-8080"]
28-Jun-2019 14:23:17.732 信息 [main] org.apache.tomcat.util.net.NioSelectorPool.getSharedSelector Using a shared selector for servlet write/read
28-Jun-2019 14:23:17.747 信息 [main] org.apache.coyote.AbstractProtocol.init Initializing ProtocolHandler ["ajp-nio-8009"]
28-Jun-2019 14:23:17.752 信息 [main] org.apache.tomcat.util.net.NioSelectorPool.getSharedSelector Using a shared selector for servlet write/read
28-Jun-2019 14:23:17.756 信息 [main] org.apache.catalina.startup.Catalina.load Initialization processed in 1981 ms
28-Jun-2019 14:23:17.905 信息 [main] org.apache.catalina.core.StandardService.startInternal Starting service [Catalina]
28-Jun-2019 14:23:17.908 信息 [main] org.apache.catalina.core.StandardEngine.startInternal Starting Servlet Engine: Apache Tomcat/8.5.42
28-Jun-2019 14:23:17.926 信息 [localhost-startStop-1] org.apache.catalina.startup.HostConfig.deployDirectory Deploying web application directory [E:\git warehouse\CrowdedDispersedSystem\apache-tomcat-8.5.42\webapps\docs]
28-Jun-2019 14:23:18.508 警告 [localhost-startStop-1] org.apache.catalina.util.SessionIdGeneratorBase.createSecureRandom Creation of SecureRandom instance for session ID generation using [SHA1PRNG] took [138] milliseconds.
28-Jun-2019 14:23:18.541 信息 [localhost-startStop-1] org.apache.catalina.startup.HostConfig.deployDirectory Deployment of web application directory [E:\git warehouse\CrowdedDispersedSystem\apache-tomcat-8.5.42\webapps\docs] has finished in [615] ms
28-Jun-2019 14:23:18.545 信息 [localhost-startStop-1] org.apache.catalina.startup.HostConfig.deployDirectory Deploying web application directory [E:\git warehouse\CrowdedDispersedSystem\apache-tomcat-8.5.42\webapps\examples]
28-Jun-2019 14:23:19.054 信息 [localhost-startStop-1] org.apache.catalina.startup.HostConfig.deployDirectory Deployment of web application directory [E:\git warehouse\CrowdedDispersedSystem\apache-tomcat-8.5.42\webapps\examples] has finished in [508] ms
28-Jun-2019 14:23:19.057 信息 [localhost-startStop-1] org.apache.catalina.startup.HostConfig.deployDirectory Deploying web application directory [E:\git warehouse\CrowdedDispersedSystem\apache-tomcat-8.5.42\webapps\Helloworld]
28-Jun-2019 14:23:19.106 信息 [localhost-startStop-1] org.apache.catalina.startup.HostConfig.deployDirectory Deployment of web application directory [E:\git warehouse\CrowdedDispersedSystem\apache-tomcat-8.5.42\webapps\Helloworld] has finished in [49] ms
28-Jun-2019 14:23:19.109 信息 [localhost-startStop-1] org.apache.catalina.startup.HostConfig.deployDirectory Deploying web application directory [E:\git warehouse\CrowdedDispersedSystem\apache-tomcat-8.5.42\webapps\host-manager]
28-Jun-2019 14:23:19.153 信息 [localhost-startStop-1] org.apache.catalina.startup.HostConfig.deployDirectory Deployment of web application directory [E:\git warehouse\CrowdedDispersedSystem\apache-tomcat-8.5.42\webapps\host-manager] has finished in [44] ms
28-Jun-2019 14:23:19.156 信息 [localhost-startStop-1] org.apache.catalina.startup.HostConfig.deployDirectory Deploying web application directory [E:\git warehouse\CrowdedDispersedSystem\apache-tomcat-8.5.42\webapps\manager]
28-Jun-2019 14:23:19.191 信息 [localhost-startStop-1] org.apache.catalina.startup.HostConfig.deployDirectory Deployment of web application directory [E:\git warehouse\CrowdedDispersedSystem\apache-tomcat-8.5.42\webapps\manager] has finished in [35] ms
28-Jun-2019 14:23:19.195 信息 [localhost-startStop-1] org.apache.catalina.startup.HostConfig.deployDirectory Deploying web application directory [E:\git warehouse\CrowdedDispersedSystem\apache-tomcat-8.5.42\webapps\ROOT]
28-Jun-2019 14:23:19.222 信息 [localhost-startStop-1] org.apache.catalina.startup.HostConfig.deployDirectory Deployment of web application directory [E:\git warehouse\CrowdedDispersedSystem\apache-tomcat-8.5.42\webapps\ROOT] has finished in [27] ms
28-Jun-2019 14:23:19.225 信息 [localhost-startStop-1] org.apache.catalina.startup.HostConfig.deployDirectory Deploying web application directory [E:\git warehouse\CrowdedDispersedSystem\apache-tomcat-8.5.42\webapps\Tomproject]
28-Jun-2019 14:23:19.251 信息 [localhost-startStop-1] org.apache.catalina.startup.HostConfig.deployDirectory Deployment of web application directory [E:\git warehouse\CrowdedDispersedSystem\apache-tomcat-8.5.42\webapps\Tomproject] has finished in [26] ms
28-Jun-2019 14:23:19.258 信息 [main] org.apache.coyote.AbstractProtocol.start Starting ProtocolHandler ["http-nio-8080"]
28-Jun-2019 14:23:19.271 信息 [main] org.apache.coyote.AbstractProtocol.start Starting ProtocolHandler ["ajp-nio-8009"]
28-Jun-2019 14:23:19.276 信息 [main] org.apache.catalina.startup.Catalina.start Server startup in 1518 ms
28-Jun-2019 14:29:19.385 信息 [ContainerBackgroundProcessor[StandardEngine[Catalina]]] org.apache.catalina.startup.HostConfig.reload Reloading context [/Tomproject]
28-Jun-2019 14:29:19.386 信息 [ContainerBackgroundProcessor[StandardEngine[Catalina]]] org.apache.catalina.core.StandardContext.reload Reloading Context with name [/Tomproject] has started
28-Jun-2019 14:29:19.601 信息 [ContainerBackgroundProcessor[StandardEngine[Catalina]]] org.apache.catalina.core.StandardContext.reload Reloading Context with name [/Tomproject] is completed
28-Jun-2019 14:31:59.641 信息 [ContainerBackgroundProcessor[StandardEngine[Catalina]]] org.apache.catalina.startup.HostConfig.reload Reloading context [/Tomproject]
28-Jun-2019 14:31:59.641 信息 [ContainerBackgroundProcessor[StandardEngine[Catalina]]] org.apache.catalina.core.StandardContext.reload Reloading Context with name [/Tomproject] has started
28-Jun-2019 14:31:59.669 信息 [ContainerBackgroundProcessor[StandardEngine[Catalina]]] org.apache.catalina.core.StandardContext.reload Reloading Context with name [/Tomproject] is completed
28-Jun-2019 14:33:09.688 信息 [ContainerBackgroundProcessor[StandardEngine[Catalina]]] org.apache.catalina.startup.HostConfig.reload Reloading context [/Tomproject]
28-Jun-2019 14:33:09.692 信息 [ContainerBackgroundProcessor[StandardEngine[Catalina]]] org.apache.catalina.core.StandardContext.reload Reloading Context with name [/Tomproject] has started
28-Jun-2019 14:33:09.729 信息 [ContainerBackgroundProcessor[StandardEngine[Catalina]]] org.apache.catalina.core.StandardContext.reload Reloading Context with name [/Tomproject] is completed
28-Jun-2019 14:33:09.800 信息 [main] org.apache.catalina.startup.VersionLoggerListener.log Server version:        Apache Tomcat/8.5.42
28-Jun-2019 14:33:09.806 信息 [main] org.apache.catalina.startup.VersionLoggerListener.log Server built:          Jun 4 2019 20:29:04 UTC
28-Jun-2019 14:33:09.808 信息 [main] org.apache.catalina.startup.VersionLoggerListener.log Server number:         8.5.42.0
28-Jun-2019 14:33:09.809 信息 [main] org.apache.catalina.startup.VersionLoggerListener.log OS Name:               Windows 7
28-Jun-2019 14:33:09.810 信息 [main] org.apache.catalina.startup.VersionLoggerListener.log OS Version:            6.1
28-Jun-2019 14:33:09.811 信息 [main] org.apache.catalina.startup.VersionLoggerListener.log Architecture:          amd64
28-Jun-2019 14:33:09.812 信息 [main] org.apache.catalina.startup.VersionLoggerListener.log Java Home:             D:\JAVA\jdk-11.0.3
28-Jun-2019 14:33:09.813 信息 [main] org.apache.catalina.startup.VersionLoggerListener.log JVM Version:           11.0.3+12-LTS
28-Jun-2019 14:33:09.814 信息 [main] org.apache.catalina.startup.VersionLoggerListener.log JVM Vendor:            Oracle Corporation
28-Jun-2019 14:33:09.815 信息 [main] org.apache.catalina.startup.VersionLoggerListener.log CATALINA_BASE:         E:\git warehouse\CrowdedDispersedSystem\apache-tomcat-8.5.42
28-Jun-2019 14:33:09.816 信息 [main] org.apache.catalina.startup.VersionLoggerListener.log CATALINA_HOME:         E:\git warehouse\CrowdedDispersedSystem\apache-tomcat-8.5.42
28-Jun-2019 14:33:09.819 信息 [main] org.apache.catalina.startup.VersionLoggerListener.log Command line argument: --add-opens=java.base/java.lang=ALL-UNNAMED
28-Jun-2019 14:33:09.822 信息 [main] org.apache.catalina.startup.VersionLoggerListener.log Command line argument: --add-opens=java.base/java.io=ALL-UNNAMED
28-Jun-2019 14:33:09.825 信息 [main] org.apache.catalina.startup.VersionLoggerListener.log Command line argument: --add-opens=java.rmi/sun.rmi.transport=ALL-UNNAMED
28-Jun-2019 14:33:09.829 信息 [main] org.apache.catalina.startup.VersionLoggerListener.log Command line argument: -Djava.util.logging.config.file=E:\git warehouse\CrowdedDispersedSystem\apache-tomcat-8.5.42\conf\logging.properties
28-Jun-2019 14:33:09.833 信息 [main] org.apache.catalina.startup.VersionLoggerListener.log Command line argument: -Djava.util.logging.manager=org.apache.juli.ClassLoaderLogManager
28-Jun-2019 14:33:09.836 信息 [main] org.apache.catalina.startup.VersionLoggerListener.log Command line argument: -Djdk.tls.ephemeralDHKeySize=2048
28-Jun-2019 14:33:09.840 信息 [main] org.apache.catalina.startup.VersionLoggerListener.log Command line argument: -Djava.protocol.handler.pkgs=org.apache.catalina.webresources
28-Jun-2019 14:33:09.842 信息 [main] org.apache.catalina.startup.VersionLoggerListener.log Command line argument: -Dignore.endorsed.dirs=
28-Jun-2019 14:33:09.844 信息 [main] org.apache.catalina.startup.VersionLoggerListener.log Command line argument: -Dcatalina.base=E:\git warehouse\CrowdedDispersedSystem\apache-tomcat-8.5.42
28-Jun-2019 14:33:09.848 信息 [main] org.apache.catalina.startup.VersionLoggerListener.log Command line argument: -Dcatalina.home=E:\git warehouse\CrowdedDispersedSystem\apache-tomcat-8.5.42
28-Jun-2019 14:33:09.851 信息 [main] org.apache.catalina.startup.VersionLoggerListener.log Command line argument: -Djava.io.tmpdir=E:\git warehouse\CrowdedDispersedSystem\apache-tomcat-8.5.42\temp
28-Jun-2019 14:33:09.854 信息 [main] org.apache.catalina.core.AprLifecycleListener.lifecycleEvent The APR based Apache Tomcat Native library which allows optimal performance in production environments was not found on the java.library.path: [D:\JAVA\jdk-11.0.3\bin;C:\Windows\Sun\Java\bin;C:\Windows\system32;C:\Windows;C:\Windows\system32;C:\Windows;C:\Windows\System32\Wbem;C:\Windows\System32\WindowsPowerShell\v1.0\;D:\JAVA\jdk-11.0.3\bin;D:\Git bush\Git\cmd;D:\Git bush\Git\mingw64\bin;D:\Git bush\Git\mingw64\libexec\git-core;C:\Users\Administrator\.ssh;C:\Program Files (x86)\NVIDIA Corporation\PhysX\Common;D:\sqlserver1\110\DTS\Binn\;D:\sqlserver1\110\Tools\Binn\;D:\sqlserver1\110\Tools\Binn\ManagementStudio\;C:\Program Files (x86)\Microsoft Visual Studio 10.0\Common7\IDE\PrivateAssemblies\;D:\MySQL\mysql-5.7.11-winx64\bin;.]
28-Jun-2019 14:33:09.901 信息 [main] org.apache.coyote.AbstractProtocol.init Initializing ProtocolHandler ["http-nio-8080"]
28-Jun-2019 14:33:09.916 严重 [main] org.apache.catalina.core.StandardService.initInternal Failed to initialize connector [Connector[HTTP/1.1-8080]]
	org.apache.catalina.LifecycleException: Failed to initialize component [Connector[HTTP/1.1-8080]]
		at org.apache.catalina.util.LifecycleBase.init(LifecycleBase.java:112)
		at org.apache.catalina.core.StandardService.initInternal(StandardService.java:552)
		at org.apache.catalina.util.LifecycleBase.init(LifecycleBase.java:107)
		at org.apache.catalina.core.StandardServer.initInternal(StandardServer.java:875)
		at org.apache.catalina.util.LifecycleBase.init(LifecycleBase.java:107)
		at org.apache.catalina.startup.Catalina.load(Catalina.java:639)
		at org.apache.catalina.startup.Catalina.load(Catalina.java:662)
		at java.base/jdk.internal.reflect.NativeMethodAccessorImpl.invoke0(Native Method)
		at java.base/jdk.internal.reflect.NativeMethodAccessorImpl.invoke(NativeMethodAccessorImpl.java:62)
		at java.base/jdk.internal.reflect.DelegatingMethodAccessorImpl.invoke(DelegatingMethodAccessorImpl.java:43)
		at java.base/java.lang.reflect.Method.invoke(Method.java:566)
		at org.apache.catalina.startup.Bootstrap.load(Bootstrap.java:309)
		at org.apache.catalina.startup.Bootstrap.main(Bootstrap.java:492)
	Caused by: org.apache.catalina.LifecycleException: Protocol handler initialization failed
		at org.apache.catalina.connector.Connector.initInternal(Connector.java:995)
		at org.apache.catalina.util.LifecycleBase.init(LifecycleBase.java:107)
		... 12 more
	Caused by: java.net.BindException: Address already in use: bind
		at java.base/sun.nio.ch.Net.bind0(Native Method)
		at java.base/sun.nio.ch.Net.bind(Net.java:461)
		at java.base/sun.nio.ch.Net.bind(Net.java:453)
		at java.base/sun.nio.ch.ServerSocketChannelImpl.bind(ServerSocketChannelImpl.java:227)
		at java.base/sun.nio.ch.ServerSocketAdaptor.bind(ServerSocketAdaptor.java:80)
		at org.apache.tomcat.util.net.NioEndpoint.bind(NioEndpoint.java:219)
		at org.apache.tomcat.util.net.AbstractEndpoint.init(AbstractEndpoint.java:1118)
		at org.apache.tomcat.util.net.AbstractJsseEndpoint.init(AbstractJsseEndpoint.java:224)
		at org.apache.coyote.AbstractProtocol.init(AbstractProtocol.java:581)
		at org.apache.coyote.http11.AbstractHttp11Protocol.init(AbstractHttp11Protocol.java:68)
		at org.apache.catalina.connector.Connector.initInternal(Connector.java:993)
		... 13 more
28-Jun-2019 14:33:09.938 信息 [main] org.apache.coyote.AbstractProtocol.init Initializing ProtocolHandler ["ajp-nio-8009"]
28-Jun-2019 14:33:09.941 严重 [main] org.apache.catalina.core.StandardService.initInternal Failed to initialize connector [Connector[AJP/1.3-8009]]
	org.apache.catalina.LifecycleException: Failed to initialize component [Connector[AJP/1.3-8009]]
		at org.apache.catalina.util.LifecycleBase.init(LifecycleBase.java:112)
		at org.apache.catalina.core.StandardService.initInternal(StandardService.java:552)
		at org.apache.catalina.util.LifecycleBase.init(LifecycleBase.java:107)
		at org.apache.catalina.core.StandardServer.initInternal(StandardServer.java:875)
		at org.apache.catalina.util.LifecycleBase.init(LifecycleBase.java:107)
		at org.apache.catalina.startup.Catalina.load(Catalina.java:639)
		at org.apache.catalina.startup.Catalina.load(Catalina.java:662)
		at java.base/jdk.internal.reflect.NativeMethodAccessorImpl.invoke0(Native Method)
		at java.base/jdk.internal.reflect.NativeMethodAccessorImpl.invoke(NativeMethodAccessorImpl.java:62)
		at java.base/jdk.internal.reflect.DelegatingMethodAccessorImpl.invoke(DelegatingMethodAccessorImpl.java:43)
		at java.base/java.lang.reflect.Method.invoke(Method.java:566)
		at org.apache.catalina.startup.Bootstrap.load(Bootstrap.java:309)
		at org.apache.catalina.startup.Bootstrap.main(Bootstrap.java:492)
	Caused by: org.apache.catalina.LifecycleException: Protocol handler initialization failed
		at org.apache.catalina.connector.Connector.initInternal(Connector.java:995)
		at org.apache.catalina.util.LifecycleBase.init(LifecycleBase.java:107)
		... 12 more
	Caused by: java.net.BindException: Address already in use: bind
		at java.base/sun.nio.ch.Net.bind0(Native Method)
		at java.base/sun.nio.ch.Net.bind(Net.java:461)
		at java.base/sun.nio.ch.Net.bind(Net.java:453)
		at java.base/sun.nio.ch.ServerSocketChannelImpl.bind(ServerSocketChannelImpl.java:227)
		at java.base/sun.nio.ch.ServerSocketAdaptor.bind(ServerSocketAdaptor.java:80)
		at org.apache.tomcat.util.net.NioEndpoint.bind(NioEndpoint.java:219)
		at org.apache.tomcat.util.net.AbstractEndpoint.init(AbstractEndpoint.java:1118)
		at org.apache.tomcat.util.net.AbstractJsseEndpoint.init(AbstractJsseEndpoint.java:224)
		at org.apache.coyote.AbstractProtocol.init(AbstractProtocol.java:581)
		at org.apache.catalina.connector.Connector.initInternal(Connector.java:993)
		... 13 more
28-Jun-2019 14:33:09.959 信息 [main] org.apache.catalina.startup.Catalina.load Initialization processed in 589 ms
28-Jun-2019 14:33:10.008 信息 [main] org.apache.catalina.core.StandardService.startInternal Starting service [Catalina]
28-Jun-2019 14:33:10.011 信息 [main] org.apache.catalina.core.StandardEngine.startInternal Starting Servlet Engine: Apache Tomcat/8.5.42
28-Jun-2019 14:33:10.025 信息 [localhost-startStop-1] org.apache.catalina.startup.HostConfig.deployDirectory Deploying web application directory [E:\git warehouse\CrowdedDispersedSystem\apache-tomcat-8.5.42\webapps\docs]
28-Jun-2019 14:33:10.383 警告 [localhost-startStop-1] org.apache.catalina.util.SessionIdGeneratorBase.createSecureRandom Creation of SecureRandom instance for session ID generation using [SHA1PRNG] took [128] milliseconds.
28-Jun-2019 14:33:10.407 信息 [localhost-startStop-1] org.apache.catalina.startup.HostConfig.deployDirectory Deployment of web application directory [E:\git warehouse\CrowdedDispersedSystem\apache-tomcat-8.5.42\webapps\docs] has finished in [382] ms
28-Jun-2019 14:33:10.411 信息 [localhost-startStop-1] org.apache.catalina.startup.HostConfig.deployDirectory Deploying web application directory [E:\git warehouse\CrowdedDispersedSystem\apache-tomcat-8.5.42\webapps\examples]
28-Jun-2019 14:33:10.737 信息 [localhost-startStop-1] org.apache.catalina.startup.HostConfig.deployDirectory Deployment of web application directory [E:\git warehouse\CrowdedDispersedSystem\apache-tomcat-8.5.42\webapps\examples] has finished in [327] ms
28-Jun-2019 14:33:10.741 信息 [localhost-startStop-1] org.apache.catalina.startup.HostConfig.deployDirectory Deploying web application directory [E:\git warehouse\CrowdedDispersedSystem\apache-tomcat-8.5.42\webapps\Helloworld]
28-Jun-2019 14:33:10.777 信息 [localhost-startStop-1] org.apache.catalina.startup.HostConfig.deployDirectory Deployment of web application directory [E:\git warehouse\CrowdedDispersedSystem\apache-tomcat-8.5.42\webapps\Helloworld] has finished in [37] ms
28-Jun-2019 14:33:10.781 信息 [localhost-startStop-1] org.apache.catalina.startup.HostConfig.deployDirectory Deploying web application directory [E:\git warehouse\CrowdedDispersedSystem\apache-tomcat-8.5.42\webapps\host-manager]
28-Jun-2019 14:33:10.815 信息 [localhost-startStop-1] org.apache.catalina.startup.HostConfig.deployDirectory Deployment of web application directory [E:\git warehouse\CrowdedDispersedSystem\apache-tomcat-8.5.42\webapps\host-manager] has finished in [34] ms
28-Jun-2019 14:33:10.818 信息 [localhost-startStop-1] org.apache.catalina.startup.HostConfig.deployDirectory Deploying web application directory [E:\git warehouse\CrowdedDispersedSystem\apache-tomcat-8.5.42\webapps\manager]
28-Jun-2019 14:33:10.846 信息 [localhost-startStop-1] org.apache.catalina.startup.HostConfig.deployDirectory Deployment of web application directory [E:\git warehouse\CrowdedDispersedSystem\apache-tomcat-8.5.42\webapps\manager] has finished in [28] ms
28-Jun-2019 14:33:10.850 信息 [localhost-startStop-1] org.apache.catalina.startup.HostConfig.deployDirectory Deploying web application directory [E:\git warehouse\CrowdedDispersedSystem\apache-tomcat-8.5.42\webapps\ROOT]
28-Jun-2019 14:33:10.873 信息 [localhost-startStop-1] org.apache.catalina.startup.HostConfig.deployDirectory Deployment of web application directory [E:\git warehouse\CrowdedDispersedSystem\apache-tomcat-8.5.42\webapps\ROOT] has finished in [23] ms
28-Jun-2019 14:33:10.876 信息 [localhost-startStop-1] org.apache.catalina.startup.HostConfig.deployDirectory Deploying web application directory [E:\git warehouse\CrowdedDispersedSystem\apache-tomcat-8.5.42\webapps\Tomproject]
28-Jun-2019 14:33:10.901 信息 [localhost-startStop-1] org.apache.catalina.startup.HostConfig.deployDirectory Deployment of web application directory [E:\git warehouse\CrowdedDispersedSystem\apache-tomcat-8.5.42\webapps\Tomproject] has finished in [25] ms
28-Jun-2019 14:33:10.909 信息 [main] org.apache.catalina.startup.Catalina.start Server startup in 947 ms
28-Jun-2019 14:33:10.923 严重 [main] org.apache.catalina.core.StandardServer.await StandardServer.await: create[localhost:8005]: 
	java.net.BindException: Address already in use: NET_Bind
		at java.base/java.net.PlainSocketImpl.bind0(Native Method)
		at java.base/java.net.PlainSocketImpl.socketBind(PlainSocketImpl.java:132)
		at java.base/java.net.AbstractPlainSocketImpl.bind(AbstractPlainSocketImpl.java:436)
		at java.base/java.net.ServerSocket.bind(ServerSocket.java:381)
		at java.base/java.net.ServerSocket.<init>(ServerSocket.java:243)
		at org.apache.catalina.core.StandardServer.await(StandardServer.java:440)
		at org.apache.catalina.startup.Catalina.await(Catalina.java:776)
		at org.apache.catalina.startup.Catalina.start(Catalina.java:722)
		at java.base/jdk.internal.reflect.NativeMethodAccessorImpl.invoke0(Native Method)
		at java.base/jdk.internal.reflect.NativeMethodAccessorImpl.invoke(NativeMethodAccessorImpl.java:62)
		at java.base/jdk.internal.reflect.DelegatingMethodAccessorImpl.invoke(DelegatingMethodAccessorImpl.java:43)
		at java.base/java.lang.reflect.Method.invoke(Method.java:566)
		at org.apache.catalina.startup.Bootstrap.start(Bootstrap.java:353)
		at org.apache.catalina.startup.Bootstrap.main(Bootstrap.java:493)
28-Jun-2019 14:33:10.936 信息 [main] org.apache.coyote.AbstractProtocol.pause Pausing ProtocolHandler ["http-nio-8080"]
28-Jun-2019 14:33:10.937 信息 [main] org.apache.coyote.AbstractProtocol.pause Pausing ProtocolHandler ["ajp-nio-8009"]
28-Jun-2019 14:33:10.939 信息 [main] org.apache.catalina.core.StandardService.stopInternal Stopping service [Catalina]
28-Jun-2019 14:33:10.967 信息 [main] org.apache.coyote.AbstractProtocol.stop Stopping ProtocolHandler ["http-nio-8080"]
28-Jun-2019 14:33:10.971 信息 [main] org.apache.coyote.AbstractProtocol.destroy Destroying ProtocolHandler ["http-nio-8080"]
28-Jun-2019 14:33:10.973 信息 [main] org.apache.coyote.AbstractProtocol.stop Stopping ProtocolHandler ["ajp-nio-8009"]
28-Jun-2019 14:33:10.975 信息 [main] org.apache.coyote.AbstractProtocol.destroy Destroying ProtocolHandler ["ajp-nio-8009"]
