01-Jul-2019 14:12:23.404 信息 [main] org.apache.catalina.startup.VersionLoggerListener.log Server version:        Apache Tomcat/8.5.42
01-Jul-2019 14:12:23.458 信息 [main] org.apache.catalina.startup.VersionLoggerListener.log Server built:          Jun 4 2019 20:29:04 UTC
01-Jul-2019 14:12:23.459 信息 [main] org.apache.catalina.startup.VersionLoggerListener.log Server number:         8.5.42.0
01-Jul-2019 14:12:23.461 信息 [main] org.apache.catalina.startup.VersionLoggerListener.log OS Name:               Windows 7
01-Jul-2019 14:12:23.462 信息 [main] org.apache.catalina.startup.VersionLoggerListener.log OS Version:            6.1
01-Jul-2019 14:12:23.463 信息 [main] org.apache.catalina.startup.VersionLoggerListener.log Architecture:          amd64
01-Jul-2019 14:12:23.464 信息 [main] org.apache.catalina.startup.VersionLoggerListener.log Java Home:             D:\JAVA\jdk-11.0.3
01-Jul-2019 14:12:23.465 信息 [main] org.apache.catalina.startup.VersionLoggerListener.log JVM Version:           11.0.3+12-LTS
01-Jul-2019 14:12:23.466 信息 [main] org.apache.catalina.startup.VersionLoggerListener.log JVM Vendor:            Oracle Corporation
01-Jul-2019 14:12:23.468 信息 [main] org.apache.catalina.startup.VersionLoggerListener.log CATALINA_BASE:         E:\git warehouse\CrowdedDispersedSystem\apache-tomcat-8.5.42
01-Jul-2019 14:12:23.469 信息 [main] org.apache.catalina.startup.VersionLoggerListener.log CATALINA_HOME:         E:\git warehouse\CrowdedDispersedSystem\apache-tomcat-8.5.42
01-Jul-2019 14:12:23.472 信息 [main] org.apache.catalina.startup.VersionLoggerListener.log Command line argument: --add-opens=java.base/java.lang=ALL-UNNAMED
01-Jul-2019 14:12:23.474 信息 [main] org.apache.catalina.startup.VersionLoggerListener.log Command line argument: --add-opens=java.base/java.io=ALL-UNNAMED
01-Jul-2019 14:12:23.476 信息 [main] org.apache.catalina.startup.VersionLoggerListener.log Command line argument: --add-opens=java.rmi/sun.rmi.transport=ALL-UNNAMED
01-Jul-2019 14:12:23.478 信息 [main] org.apache.catalina.startup.VersionLoggerListener.log Command line argument: -Djava.util.logging.config.file=E:\git warehouse\CrowdedDispersedSystem\apache-tomcat-8.5.42\conf\logging.properties
01-Jul-2019 14:12:23.480 信息 [main] org.apache.catalina.startup.VersionLoggerListener.log Command line argument: -Djava.util.logging.manager=org.apache.juli.ClassLoaderLogManager
01-Jul-2019 14:12:23.482 信息 [main] org.apache.catalina.startup.VersionLoggerListener.log Command line argument: -Djdk.tls.ephemeralDHKeySize=2048
01-Jul-2019 14:12:23.484 信息 [main] org.apache.catalina.startup.VersionLoggerListener.log Command line argument: -Djava.protocol.handler.pkgs=org.apache.catalina.webresources
01-Jul-2019 14:12:23.487 信息 [main] org.apache.catalina.startup.VersionLoggerListener.log Command line argument: -Dignore.endorsed.dirs=
01-Jul-2019 14:12:23.489 信息 [main] org.apache.catalina.startup.VersionLoggerListener.log Command line argument: -Dcatalina.base=E:\git warehouse\CrowdedDispersedSystem\apache-tomcat-8.5.42
01-Jul-2019 14:12:23.491 信息 [main] org.apache.catalina.startup.VersionLoggerListener.log Command line argument: -Dcatalina.home=E:\git warehouse\CrowdedDispersedSystem\apache-tomcat-8.5.42
01-Jul-2019 14:12:23.494 信息 [main] org.apache.catalina.startup.VersionLoggerListener.log Command line argument: -Djava.io.tmpdir=E:\git warehouse\CrowdedDispersedSystem\apache-tomcat-8.5.42\temp
01-Jul-2019 14:12:23.496 信息 [main] org.apache.catalina.core.AprLifecycleListener.lifecycleEvent The APR based Apache Tomcat Native library which allows optimal performance in production environments was not found on the java.library.path: [D:\JAVA\jdk-11.0.3\bin;C:\Windows\Sun\Java\bin;C:\Windows\system32;C:\Windows;C:\Windows\system32;C:\Windows;C:\Windows\System32\Wbem;C:\Windows\System32\WindowsPowerShell\v1.0\;D:\JAVA\jdk-11.0.3\bin;D:\Git bush\Git\cmd;D:\Git bush\Git\mingw64\bin;D:\Git bush\Git\mingw64\libexec\git-core;C:\Users\Administrator\.ssh;C:\Program Files (x86)\NVIDIA Corporation\PhysX\Common;D:\sqlserver1\110\DTS\Binn\;D:\sqlserver1\110\Tools\Binn\;D:\sqlserver1\110\Tools\Binn\ManagementStudio\;C:\Program Files (x86)\Microsoft Visual Studio 10.0\Common7\IDE\PrivateAssemblies\;D:\MySQL\mysql-5.7.11-winx64\bin;.]
01-Jul-2019 14:12:23.571 信息 [main] org.apache.coyote.AbstractProtocol.init Initializing ProtocolHandler ["http-nio-8080"]
01-Jul-2019 14:12:23.804 信息 [main] org.apache.tomcat.util.net.NioSelectorPool.getSharedSelector Using a shared selector for servlet write/read
01-Jul-2019 14:12:23.817 信息 [main] org.apache.coyote.AbstractProtocol.init Initializing ProtocolHandler ["ajp-nio-8009"]
01-Jul-2019 14:12:23.821 信息 [main] org.apache.tomcat.util.net.NioSelectorPool.getSharedSelector Using a shared selector for servlet write/read
01-Jul-2019 14:12:23.824 信息 [main] org.apache.catalina.startup.Catalina.load Initialization processed in 2175 ms
01-Jul-2019 14:12:24.024 信息 [main] org.apache.catalina.core.StandardService.startInternal Starting service [Catalina]
01-Jul-2019 14:12:24.026 信息 [main] org.apache.catalina.core.StandardEngine.startInternal Starting Servlet Engine: Apache Tomcat/8.5.42
01-Jul-2019 14:12:24.051 信息 [localhost-startStop-1] org.apache.catalina.startup.HostConfig.deployDirectory Deploying web application directory [E:\git warehouse\CrowdedDispersedSystem\apache-tomcat-8.5.42\webapps\docs]
01-Jul-2019 14:12:24.803 警告 [localhost-startStop-1] org.apache.catalina.util.SessionIdGeneratorBase.createSecureRandom Creation of SecureRandom instance for session ID generation using [SHA1PRNG] took [125] milliseconds.
01-Jul-2019 14:12:24.828 信息 [localhost-startStop-1] org.apache.catalina.startup.HostConfig.deployDirectory Deployment of web application directory [E:\git warehouse\CrowdedDispersedSystem\apache-tomcat-8.5.42\webapps\docs] has finished in [777] ms
01-Jul-2019 14:12:24.831 信息 [localhost-startStop-1] org.apache.catalina.startup.HostConfig.deployDirectory Deploying web application directory [E:\git warehouse\CrowdedDispersedSystem\apache-tomcat-8.5.42\webapps\examples]
01-Jul-2019 14:12:25.368 信息 [localhost-startStop-1] org.apache.catalina.startup.HostConfig.deployDirectory Deployment of web application directory [E:\git warehouse\CrowdedDispersedSystem\apache-tomcat-8.5.42\webapps\examples] has finished in [537] ms
01-Jul-2019 14:12:25.371 信息 [localhost-startStop-1] org.apache.catalina.startup.HostConfig.deployDirectory Deploying web application directory [E:\git warehouse\CrowdedDispersedSystem\apache-tomcat-8.5.42\webapps\Helloworld]
01-Jul-2019 14:12:25.448 信息 [localhost-startStop-1] org.apache.catalina.startup.HostConfig.deployDirectory Deployment of web application directory [E:\git warehouse\CrowdedDispersedSystem\apache-tomcat-8.5.42\webapps\Helloworld] has finished in [77] ms
01-Jul-2019 14:12:25.451 信息 [localhost-startStop-1] org.apache.catalina.startup.HostConfig.deployDirectory Deploying web application directory [E:\git warehouse\CrowdedDispersedSystem\apache-tomcat-8.5.42\webapps\host-manager]
01-Jul-2019 14:12:25.508 信息 [localhost-startStop-1] org.apache.catalina.startup.HostConfig.deployDirectory Deployment of web application directory [E:\git warehouse\CrowdedDispersedSystem\apache-tomcat-8.5.42\webapps\host-manager] has finished in [58] ms
01-Jul-2019 14:12:25.512 信息 [localhost-startStop-1] org.apache.catalina.startup.HostConfig.deployDirectory Deploying web application directory [E:\git warehouse\CrowdedDispersedSystem\apache-tomcat-8.5.42\webapps\manager]
01-Jul-2019 14:12:25.538 信息 [localhost-startStop-1] org.apache.catalina.startup.HostConfig.deployDirectory Deployment of web application directory [E:\git warehouse\CrowdedDispersedSystem\apache-tomcat-8.5.42\webapps\manager] has finished in [26] ms
01-Jul-2019 14:12:25.541 信息 [localhost-startStop-1] org.apache.catalina.startup.HostConfig.deployDirectory Deploying web application directory [E:\git warehouse\CrowdedDispersedSystem\apache-tomcat-8.5.42\webapps\ROOT]
01-Jul-2019 14:12:25.571 信息 [localhost-startStop-1] org.apache.catalina.startup.HostConfig.deployDirectory Deployment of web application directory [E:\git warehouse\CrowdedDispersedSystem\apache-tomcat-8.5.42\webapps\ROOT] has finished in [30] ms
01-Jul-2019 14:12:25.574 信息 [localhost-startStop-1] org.apache.catalina.startup.HostConfig.deployDirectory Deploying web application directory [E:\git warehouse\CrowdedDispersedSystem\apache-tomcat-8.5.42\webapps\Tomproject]
01-Jul-2019 14:12:25.631 信息 [localhost-startStop-1] org.apache.catalina.startup.HostConfig.deployDirectory Deployment of web application directory [E:\git warehouse\CrowdedDispersedSystem\apache-tomcat-8.5.42\webapps\Tomproject] has finished in [57] ms
01-Jul-2019 14:12:25.642 信息 [main] org.apache.coyote.AbstractProtocol.start Starting ProtocolHandler ["http-nio-8080"]
01-Jul-2019 14:12:25.659 信息 [main] org.apache.coyote.AbstractProtocol.start Starting ProtocolHandler ["ajp-nio-8009"]
01-Jul-2019 14:12:25.665 信息 [main] org.apache.catalina.startup.Catalina.start Server startup in 1838 ms
01-Jul-2019 16:29:08.053 信息 [main] org.apache.catalina.startup.VersionLoggerListener.log Server version:        Apache Tomcat/8.5.42
01-Jul-2019 16:29:08.059 信息 [main] org.apache.catalina.startup.VersionLoggerListener.log Server built:          Jun 4 2019 20:29:04 UTC
01-Jul-2019 16:29:08.061 信息 [main] org.apache.catalina.startup.VersionLoggerListener.log Server number:         8.5.42.0
01-Jul-2019 16:29:08.062 信息 [main] org.apache.catalina.startup.VersionLoggerListener.log OS Name:               Windows 7
01-Jul-2019 16:29:08.063 信息 [main] org.apache.catalina.startup.VersionLoggerListener.log OS Version:            6.1
01-Jul-2019 16:29:08.064 信息 [main] org.apache.catalina.startup.VersionLoggerListener.log Architecture:          amd64
01-Jul-2019 16:29:08.065 信息 [main] org.apache.catalina.startup.VersionLoggerListener.log Java Home:             D:\JAVA\jdk-11.0.3
01-Jul-2019 16:29:08.066 信息 [main] org.apache.catalina.startup.VersionLoggerListener.log JVM Version:           11.0.3+12-LTS
01-Jul-2019 16:29:08.067 信息 [main] org.apache.catalina.startup.VersionLoggerListener.log JVM Vendor:            Oracle Corporation
01-Jul-2019 16:29:08.068 信息 [main] org.apache.catalina.startup.VersionLoggerListener.log CATALINA_BASE:         E:\git warehouse\CrowdedDispersedSystem\apache-tomcat-8.5.42
01-Jul-2019 16:29:08.069 信息 [main] org.apache.catalina.startup.VersionLoggerListener.log CATALINA_HOME:         E:\git warehouse\CrowdedDispersedSystem\apache-tomcat-8.5.42
01-Jul-2019 16:29:08.073 信息 [main] org.apache.catalina.startup.VersionLoggerListener.log Command line argument: --add-opens=java.base/java.lang=ALL-UNNAMED
01-Jul-2019 16:29:08.075 信息 [main] org.apache.catalina.startup.VersionLoggerListener.log Command line argument: --add-opens=java.base/java.io=ALL-UNNAMED
01-Jul-2019 16:29:08.078 信息 [main] org.apache.catalina.startup.VersionLoggerListener.log Command line argument: --add-opens=java.rmi/sun.rmi.transport=ALL-UNNAMED
01-Jul-2019 16:29:08.082 信息 [main] org.apache.catalina.startup.VersionLoggerListener.log Command line argument: -Djava.util.logging.config.file=E:\git warehouse\CrowdedDispersedSystem\apache-tomcat-8.5.42\conf\logging.properties
01-Jul-2019 16:29:08.086 信息 [main] org.apache.catalina.startup.VersionLoggerListener.log Command line argument: -Djava.util.logging.manager=org.apache.juli.ClassLoaderLogManager
01-Jul-2019 16:29:08.089 信息 [main] org.apache.catalina.startup.VersionLoggerListener.log Command line argument: -Djdk.tls.ephemeralDHKeySize=2048
01-Jul-2019 16:29:08.091 信息 [main] org.apache.catalina.startup.VersionLoggerListener.log Command line argument: -Djava.protocol.handler.pkgs=org.apache.catalina.webresources
01-Jul-2019 16:29:08.094 信息 [main] org.apache.catalina.startup.VersionLoggerListener.log Command line argument: -Dignore.endorsed.dirs=
01-Jul-2019 16:29:08.096 信息 [main] org.apache.catalina.startup.VersionLoggerListener.log Command line argument: -Dcatalina.base=E:\git warehouse\CrowdedDispersedSystem\apache-tomcat-8.5.42
01-Jul-2019 16:29:08.098 信息 [main] org.apache.catalina.startup.VersionLoggerListener.log Command line argument: -Dcatalina.home=E:\git warehouse\CrowdedDispersedSystem\apache-tomcat-8.5.42
01-Jul-2019 16:29:08.101 信息 [main] org.apache.catalina.startup.VersionLoggerListener.log Command line argument: -Djava.io.tmpdir=E:\git warehouse\CrowdedDispersedSystem\apache-tomcat-8.5.42\temp
01-Jul-2019 16:29:08.103 信息 [main] org.apache.catalina.core.AprLifecycleListener.lifecycleEvent The APR based Apache Tomcat Native library which allows optimal performance in production environments was not found on the java.library.path: [D:\JAVA\jdk-11.0.3\bin;C:\Windows\Sun\Java\bin;C:\Windows\system32;C:\Windows;C:\Windows\system32;C:\Windows;C:\Windows\System32\Wbem;C:\Windows\System32\WindowsPowerShell\v1.0\;D:\JAVA\jdk-11.0.3\bin;D:\Git bush\Git\cmd;D:\Git bush\Git\mingw64\bin;D:\Git bush\Git\mingw64\libexec\git-core;C:\Users\Administrator\.ssh;C:\Program Files (x86)\NVIDIA Corporation\PhysX\Common;D:\sqlserver1\110\DTS\Binn\;D:\sqlserver1\110\Tools\Binn\;D:\sqlserver1\110\Tools\Binn\ManagementStudio\;C:\Program Files (x86)\Microsoft Visual Studio 10.0\Common7\IDE\PrivateAssemblies\;D:\MySQL\mysql-5.7.11-winx64\bin;.]
01-Jul-2019 16:29:08.151 信息 [main] org.apache.coyote.AbstractProtocol.init Initializing ProtocolHandler ["http-nio-8080"]
01-Jul-2019 16:29:08.309 信息 [main] org.apache.tomcat.util.net.NioSelectorPool.getSharedSelector Using a shared selector for servlet write/read
01-Jul-2019 16:29:08.323 信息 [main] org.apache.coyote.AbstractProtocol.init Initializing ProtocolHandler ["ajp-nio-8009"]
01-Jul-2019 16:29:08.328 信息 [main] org.apache.tomcat.util.net.NioSelectorPool.getSharedSelector Using a shared selector for servlet write/read
01-Jul-2019 16:29:08.331 信息 [main] org.apache.catalina.startup.Catalina.load Initialization processed in 705 ms
01-Jul-2019 16:29:08.382 信息 [main] org.apache.catalina.core.StandardService.startInternal Starting service [Catalina]
01-Jul-2019 16:29:08.384 信息 [main] org.apache.catalina.core.StandardEngine.startInternal Starting Servlet Engine: Apache Tomcat/8.5.42
01-Jul-2019 16:29:08.401 信息 [localhost-startStop-1] org.apache.catalina.startup.HostConfig.deployDirectory Deploying web application directory [E:\git warehouse\CrowdedDispersedSystem\apache-tomcat-8.5.42\webapps\docs]
01-Jul-2019 16:29:08.756 警告 [localhost-startStop-1] org.apache.catalina.util.SessionIdGeneratorBase.createSecureRandom Creation of SecureRandom instance for session ID generation using [SHA1PRNG] took [115] milliseconds.
01-Jul-2019 16:29:08.778 信息 [localhost-startStop-1] org.apache.catalina.startup.HostConfig.deployDirectory Deployment of web application directory [E:\git warehouse\CrowdedDispersedSystem\apache-tomcat-8.5.42\webapps\docs] has finished in [378] ms
01-Jul-2019 16:29:08.781 信息 [localhost-startStop-1] org.apache.catalina.startup.HostConfig.deployDirectory Deploying web application directory [E:\git warehouse\CrowdedDispersedSystem\apache-tomcat-8.5.42\webapps\examples]
01-Jul-2019 16:29:09.101 信息 [localhost-startStop-1] org.apache.catalina.startup.HostConfig.deployDirectory Deployment of web application directory [E:\git warehouse\CrowdedDispersedSystem\apache-tomcat-8.5.42\webapps\examples] has finished in [320] ms
01-Jul-2019 16:29:09.104 信息 [localhost-startStop-1] org.apache.catalina.startup.HostConfig.deployDirectory Deploying web application directory [E:\git warehouse\CrowdedDispersedSystem\apache-tomcat-8.5.42\webapps\Helloworld]
01-Jul-2019 16:29:09.140 信息 [localhost-startStop-1] org.apache.catalina.startup.HostConfig.deployDirectory Deployment of web application directory [E:\git warehouse\CrowdedDispersedSystem\apache-tomcat-8.5.42\webapps\Helloworld] has finished in [35] ms
01-Jul-2019 16:29:09.142 信息 [localhost-startStop-1] org.apache.catalina.startup.HostConfig.deployDirectory Deploying web application directory [E:\git warehouse\CrowdedDispersedSystem\apache-tomcat-8.5.42\webapps\host-manager]
01-Jul-2019 16:29:09.173 信息 [localhost-startStop-1] org.apache.catalina.startup.HostConfig.deployDirectory Deployment of web application directory [E:\git warehouse\CrowdedDispersedSystem\apache-tomcat-8.5.42\webapps\host-manager] has finished in [31] ms
01-Jul-2019 16:29:09.176 信息 [localhost-startStop-1] org.apache.catalina.startup.HostConfig.deployDirectory Deploying web application directory [E:\git warehouse\CrowdedDispersedSystem\apache-tomcat-8.5.42\webapps\manager]
01-Jul-2019 16:29:09.206 信息 [localhost-startStop-1] org.apache.catalina.startup.HostConfig.deployDirectory Deployment of web application directory [E:\git warehouse\CrowdedDispersedSystem\apache-tomcat-8.5.42\webapps\manager] has finished in [30] ms
01-Jul-2019 16:29:09.209 信息 [localhost-startStop-1] org.apache.catalina.startup.HostConfig.deployDirectory Deploying web application directory [E:\git warehouse\CrowdedDispersedSystem\apache-tomcat-8.5.42\webapps\ROOT]
01-Jul-2019 16:29:09.231 信息 [localhost-startStop-1] org.apache.catalina.startup.HostConfig.deployDirectory Deployment of web application directory [E:\git warehouse\CrowdedDispersedSystem\apache-tomcat-8.5.42\webapps\ROOT] has finished in [22] ms
01-Jul-2019 16:29:09.234 信息 [localhost-startStop-1] org.apache.catalina.startup.HostConfig.deployDirectory Deploying web application directory [E:\git warehouse\CrowdedDispersedSystem\apache-tomcat-8.5.42\webapps\Tomproject]
01-Jul-2019 16:29:09.264 信息 [localhost-startStop-1] org.apache.catalina.startup.HostConfig.deployDirectory Deployment of web application directory [E:\git warehouse\CrowdedDispersedSystem\apache-tomcat-8.5.42\webapps\Tomproject] has finished in [30] ms
01-Jul-2019 16:29:09.272 信息 [main] org.apache.coyote.AbstractProtocol.start Starting ProtocolHandler ["http-nio-8080"]
01-Jul-2019 16:29:09.286 信息 [main] org.apache.coyote.AbstractProtocol.start Starting ProtocolHandler ["ajp-nio-8009"]
01-Jul-2019 16:29:09.291 信息 [main] org.apache.catalina.startup.Catalina.start Server startup in 958 ms
01-Jul-2019 16:29:16.900 信息 [main] org.apache.catalina.core.StandardServer.await A valid shutdown command was received via the shutdown port. Stopping the Server instance.
01-Jul-2019 16:29:16.901 信息 [main] org.apache.coyote.AbstractProtocol.pause Pausing ProtocolHandler ["http-nio-8080"]
01-Jul-2019 16:29:17.017 信息 [main] org.apache.coyote.AbstractProtocol.pause Pausing ProtocolHandler ["ajp-nio-8009"]
01-Jul-2019 16:29:17.119 信息 [main] org.apache.catalina.core.StandardService.stopInternal Stopping service [Catalina]
01-Jul-2019 16:29:17.202 信息 [main] org.apache.coyote.AbstractProtocol.stop Stopping ProtocolHandler ["http-nio-8080"]
01-Jul-2019 16:29:17.205 信息 [main] org.apache.coyote.AbstractProtocol.stop Stopping ProtocolHandler ["ajp-nio-8009"]
01-Jul-2019 16:29:17.209 信息 [main] org.apache.coyote.AbstractProtocol.destroy Destroying ProtocolHandler ["http-nio-8080"]
01-Jul-2019 16:29:17.210 信息 [main] org.apache.coyote.AbstractProtocol.destroy Destroying ProtocolHandler ["ajp-nio-8009"]
